<html>
<head>
<title>TestNG:  Surefire test</title>
<link href="../testng.css" rel="stylesheet" type="text/css" />
<link href="../my-testng.css" rel="stylesheet" type="text/css" />

<style type="text/css">
.log { display: none;} 
.stack-trace { display: none;} 
</style>
<script type="text/javascript">
<!--
function flip(e) {
  current = e.style.display;
  if (current == 'block') {
    e.style.display = 'none';
    return 0;
  }
  else {
    e.style.display = 'block';
    return 1;
  }
}

function toggleBox(szDivId, elem, msg1, msg2)
{
  var res = -1;  if (document.getElementById) {
    res = flip(document.getElementById(szDivId));
  }
  else if (document.all) {
    // this is the way old msie versions work
    res = flip(document.all[szDivId]);
  }
  if(elem) {
    if(res == 0) elem.innerHTML = msg1; else elem.innerHTML = msg2;
  }

}

function toggleAllBoxes() {
  if (document.getElementsByTagName) {
    d = document.getElementsByTagName('div');
    for (i = 0; i < d.length; i++) {
      if (d[i].className == 'log') {
        flip(d[i]);
      }
    }
  }
}

// -->
</script>

</head>
<body>
<h2 align='center'>Surefire test</h2><table border='1' align="center">
<tr>
<td>Tests passed/Failed/Skipped:</td><td>46/4/0</td>
</tr><tr>
<td>Started on:</td><td>Tue Dec 29 15:01:12 EST 2020</td>
</tr>
<tr><td>Total time:</td><td>51 seconds (51661 ms)</td>
</tr><tr>
<td>Included groups:</td><td></td>
</tr><tr>
<td>Excluded groups:</td><td></td>
</tr>
</table><p/>
<small><i>(Hover the method name to see the test class name)</i></small><p/>
<table width='100%' border='1' class='invocation-failed'>
<tr><td colspan='4' align='center'><b>FAILED TESTS</b></td></tr>
<tr><td><b>Test method</b></td>
<td width="30%"><b>Exception</b></td>
<td width="10%"><b>Time (seconds)</b></td>
<td><b>Instance</b></td>
</tr>
<tr>
<td title='com.yourcompany.SampleSauceTest.invalidLoginFlow()'><b>invalidLoginFlow</b><br>Test class: com.yourcompany.SampleSauceTest<br>Parameters: browser, safari, latest, macOS 10.13, , public void com.yourcompany.SampleSauceTest.invalidLoginFlow(java.lang.String,java.lang.String,java.lang.String,java.lang.String,java.lang.String,java.lang.reflect.Method) throws java.lang.Exception</td>
<td><div><pre>org.openqa.selenium.TimeoutException: Expected condition failed: waiting for visibility of element located by By.cssSelector: #login_button_container &gt; div &gt; form &gt; h3 (tried for 15 second(s) with 500 milliseconds interval)
	at org.openqa.selenium.support.ui.WebDriverWait.timeoutException(WebDriverWait.java:113)
	at org.openqa.selenium.support.ui.FluentWait.until(FluentWait.java:283)
	at com.yourcompany.SampleSauceTest.isErrorPresent(SampleSauceTest.java:234)
	at com.yourcompany.SampleSauceTest.invalidLoginFlow(SampleSauceTest.java:165)
	at java.util.concurrent.FutureTask.run(FutureTask.java:266)
	at java.util.concurrent.Executors$RunnableAdapter.call(Executors.java:511)
	at java.util.concurrent.FutureTask.run(FutureTask.java:266)
	at java.util.concurrent.ThreadPoolExecutor.runWorker(ThreadPoolExecutor.java:1149)
	at java.util.concurrent.ThreadPoolExecutor$Worker.run(ThreadPoolExecutor.java:624)
	at java.lang.Thread.run(Thread.java:748)
Caused by: org.openqa.selenium.NoSuchElementException: Cannot locate an element using By.cssSelector: #login_button_container &gt; div &gt; form &gt; h3
For documentation on this error, please visit: http://seleniumhq.org/exceptions/no_such_element.html
Build info: version: &apos;3.14.0&apos;, revision: &apos;aacccce0&apos;, time: &apos;2018-08-02T20:19:58.91Z&apos;
System info: host: &apos;SL-1549.local&apos;, ip: &apos;127.0.0.1&apos;, os.name: &apos;Mac OS X&apos;, os.arch: &apos;x86_64&apos;, os.version: &apos;10.15.7&apos;, java.version: &apos;1.8.0_271&apos;
Driver info: driver.version: unknown
	at org.openqa.selenium.support.ui.ExpectedConditions.lambda$findElement$0(ExpectedConditions.java:896)
	at java.util.Optional.orElseThrow(Optional.java:290)
	at org.openqa.selenium.support.ui.ExpectedConditions.findElement(ExpectedConditions.java:895)
	at org.openqa.selenium.support.ui.ExpectedConditions.access$000(ExpectedConditions.java:44)
	at org.openqa.selenium.support.ui.ExpectedConditions$7.apply(ExpectedConditions.java:206)
	at org.openqa.selenium.support.ui.ExpectedConditions$7.apply(ExpectedConditions.java:202)
	at org.openqa.selenium.support.ui.FluentWait.until(FluentWait.java:260)
	... 17 more
... Removed 9 stack frames</pre></div><a href='#' onClick='toggleBox("stack-trace271794851", this, "Click to show all stack frames", "Click to hide stack frames")'>Click to show all stack frames</a>
<div class='stack-trace' id='stack-trace271794851'><pre>org.openqa.selenium.TimeoutException: Expected condition failed: waiting for visibility of element located by By.cssSelector: #login_button_container &gt; div &gt; form &gt; h3 (tried for 15 second(s) with 500 milliseconds interval)
	at org.openqa.selenium.support.ui.WebDriverWait.timeoutException(WebDriverWait.java:113)
	at org.openqa.selenium.support.ui.FluentWait.until(FluentWait.java:283)
	at com.yourcompany.SampleSauceTest.isErrorPresent(SampleSauceTest.java:234)
	at com.yourcompany.SampleSauceTest.invalidLoginFlow(SampleSauceTest.java:165)
	at sun.reflect.NativeMethodAccessorImpl.invoke0(Native Method)
	at sun.reflect.NativeMethodAccessorImpl.invoke(NativeMethodAccessorImpl.java:62)
	at sun.reflect.DelegatingMethodAccessorImpl.invoke(DelegatingMethodAccessorImpl.java:43)
	at java.lang.reflect.Method.invoke(Method.java:498)
	at org.testng.internal.MethodInvocationHelper.invokeMethod(MethodInvocationHelper.java:104)
	at org.testng.internal.Invoker.invokeMethod(Invoker.java:645)
	at org.testng.internal.Invoker.invokeTestMethod(Invoker.java:851)
	at org.testng.internal.TestMethodWithDataProviderMethodWorker.call(TestMethodWithDataProviderMethodWorker.java:75)
	at org.testng.internal.TestMethodWithDataProviderMethodWorker.call(TestMethodWithDataProviderMethodWorker.java:14)
	at java.util.concurrent.FutureTask.run(FutureTask.java:266)
	at java.util.concurrent.Executors$RunnableAdapter.call(Executors.java:511)
	at java.util.concurrent.FutureTask.run(FutureTask.java:266)
	at java.util.concurrent.ThreadPoolExecutor.runWorker(ThreadPoolExecutor.java:1149)
	at java.util.concurrent.ThreadPoolExecutor$Worker.run(ThreadPoolExecutor.java:624)
	at java.lang.Thread.run(Thread.java:748)
Caused by: org.openqa.selenium.NoSuchElementException: Cannot locate an element using By.cssSelector: #login_button_container &gt; div &gt; form &gt; h3
For documentation on this error, please visit: http://seleniumhq.org/exceptions/no_such_element.html
Build info: version: &apos;3.14.0&apos;, revision: &apos;aacccce0&apos;, time: &apos;2018-08-02T20:19:58.91Z&apos;
System info: host: &apos;SL-1549.local&apos;, ip: &apos;127.0.0.1&apos;, os.name: &apos;Mac OS X&apos;, os.arch: &apos;x86_64&apos;, os.version: &apos;10.15.7&apos;, java.version: &apos;1.8.0_271&apos;
Driver info: driver.version: unknown
	at org.openqa.selenium.support.ui.ExpectedConditions.lambda$findElement$0(ExpectedConditions.java:896)
	at java.util.Optional.orElseThrow(Optional.java:290)
	at org.openqa.selenium.support.ui.ExpectedConditions.findElement(ExpectedConditions.java:895)
	at org.openqa.selenium.support.ui.ExpectedConditions.access$000(ExpectedConditions.java:44)
	at org.openqa.selenium.support.ui.ExpectedConditions$7.apply(ExpectedConditions.java:206)
	at org.openqa.selenium.support.ui.ExpectedConditions$7.apply(ExpectedConditions.java:202)
	at org.openqa.selenium.support.ui.FluentWait.until(FluentWait.java:260)
	... 17 more
</pre></div></td>
<td>30</td>
<td>com.yourcompany.SampleSauceTest@34ce8af7</td></tr>
<tr>
<td title='com.yourcompany.SampleSauceTest.lockedOutLoginFlow()'><b>lockedOutLoginFlow</b><br>Test class: com.yourcompany.SampleSauceTest<br>Parameters: browser, safari, latest, macOS 10.13, , public void com.yourcompany.SampleSauceTest.lockedOutLoginFlow(java.lang.String,java.lang.String,java.lang.String,java.lang.String,java.lang.String,java.lang.reflect.Method) throws java.lang.Exception</td>
<td><div><pre>org.openqa.selenium.TimeoutException: Expected condition failed: waiting for visibility of element located by By.cssSelector: #login_button_container &gt; div &gt; form &gt; h3 (tried for 15 second(s) with 500 milliseconds interval)
	at org.openqa.selenium.support.ui.WebDriverWait.timeoutException(WebDriverWait.java:113)
	at org.openqa.selenium.support.ui.FluentWait.until(FluentWait.java:283)
	at com.yourcompany.SampleSauceTest.isErrorPresent(SampleSauceTest.java:234)
	at com.yourcompany.SampleSauceTest.lockedOutLoginFlow(SampleSauceTest.java:197)
	at java.util.concurrent.FutureTask.run(FutureTask.java:266)
	at java.util.concurrent.Executors$RunnableAdapter.call(Executors.java:511)
	at java.util.concurrent.FutureTask.run(FutureTask.java:266)
	at java.util.concurrent.ThreadPoolExecutor.runWorker(ThreadPoolExecutor.java:1149)
	at java.util.concurrent.ThreadPoolExecutor$Worker.run(ThreadPoolExecutor.java:624)
	at java.lang.Thread.run(Thread.java:748)
Caused by: org.openqa.selenium.NoSuchElementException: Cannot locate an element using By.cssSelector: #login_button_container &gt; div &gt; form &gt; h3
For documentation on this error, please visit: http://seleniumhq.org/exceptions/no_such_element.html
Build info: version: &apos;3.14.0&apos;, revision: &apos;aacccce0&apos;, time: &apos;2018-08-02T20:19:58.91Z&apos;
System info: host: &apos;SL-1549.local&apos;, ip: &apos;127.0.0.1&apos;, os.name: &apos;Mac OS X&apos;, os.arch: &apos;x86_64&apos;, os.version: &apos;10.15.7&apos;, java.version: &apos;1.8.0_271&apos;
Driver info: driver.version: unknown
	at org.openqa.selenium.support.ui.ExpectedConditions.lambda$findElement$0(ExpectedConditions.java:896)
	at java.util.Optional.orElseThrow(Optional.java:290)
	at org.openqa.selenium.support.ui.ExpectedConditions.findElement(ExpectedConditions.java:895)
	at org.openqa.selenium.support.ui.ExpectedConditions.access$000(ExpectedConditions.java:44)
	at org.openqa.selenium.support.ui.ExpectedConditions$7.apply(ExpectedConditions.java:206)
	at org.openqa.selenium.support.ui.ExpectedConditions$7.apply(ExpectedConditions.java:202)
	at org.openqa.selenium.support.ui.FluentWait.until(FluentWait.java:260)
	... 17 more
... Removed 9 stack frames</pre></div><a href='#' onClick='toggleBox("stack-trace280124197", this, "Click to show all stack frames", "Click to hide stack frames")'>Click to show all stack frames</a>
<div class='stack-trace' id='stack-trace280124197'><pre>org.openqa.selenium.TimeoutException: Expected condition failed: waiting for visibility of element located by By.cssSelector: #login_button_container &gt; div &gt; form &gt; h3 (tried for 15 second(s) with 500 milliseconds interval)
	at org.openqa.selenium.support.ui.WebDriverWait.timeoutException(WebDriverWait.java:113)
	at org.openqa.selenium.support.ui.FluentWait.until(FluentWait.java:283)
	at com.yourcompany.SampleSauceTest.isErrorPresent(SampleSauceTest.java:234)
	at com.yourcompany.SampleSauceTest.lockedOutLoginFlow(SampleSauceTest.java:197)
	at sun.reflect.NativeMethodAccessorImpl.invoke0(Native Method)
	at sun.reflect.NativeMethodAccessorImpl.invoke(NativeMethodAccessorImpl.java:62)
	at sun.reflect.DelegatingMethodAccessorImpl.invoke(DelegatingMethodAccessorImpl.java:43)
	at java.lang.reflect.Method.invoke(Method.java:498)
	at org.testng.internal.MethodInvocationHelper.invokeMethod(MethodInvocationHelper.java:104)
	at org.testng.internal.Invoker.invokeMethod(Invoker.java:645)
	at org.testng.internal.Invoker.invokeTestMethod(Invoker.java:851)
	at org.testng.internal.TestMethodWithDataProviderMethodWorker.call(TestMethodWithDataProviderMethodWorker.java:75)
	at org.testng.internal.TestMethodWithDataProviderMethodWorker.call(TestMethodWithDataProviderMethodWorker.java:14)
	at java.util.concurrent.FutureTask.run(FutureTask.java:266)
	at java.util.concurrent.Executors$RunnableAdapter.call(Executors.java:511)
	at java.util.concurrent.FutureTask.run(FutureTask.java:266)
	at java.util.concurrent.ThreadPoolExecutor.runWorker(ThreadPoolExecutor.java:1149)
	at java.util.concurrent.ThreadPoolExecutor$Worker.run(ThreadPoolExecutor.java:624)
	at java.lang.Thread.run(Thread.java:748)
Caused by: org.openqa.selenium.NoSuchElementException: Cannot locate an element using By.cssSelector: #login_button_container &gt; div &gt; form &gt; h3
For documentation on this error, please visit: http://seleniumhq.org/exceptions/no_such_element.html
Build info: version: &apos;3.14.0&apos;, revision: &apos;aacccce0&apos;, time: &apos;2018-08-02T20:19:58.91Z&apos;
System info: host: &apos;SL-1549.local&apos;, ip: &apos;127.0.0.1&apos;, os.name: &apos;Mac OS X&apos;, os.arch: &apos;x86_64&apos;, os.version: &apos;10.15.7&apos;, java.version: &apos;1.8.0_271&apos;
Driver info: driver.version: unknown
	at org.openqa.selenium.support.ui.ExpectedConditions.lambda$findElement$0(ExpectedConditions.java:896)
	at java.util.Optional.orElseThrow(Optional.java:290)
	at org.openqa.selenium.support.ui.ExpectedConditions.findElement(ExpectedConditions.java:895)
	at org.openqa.selenium.support.ui.ExpectedConditions.access$000(ExpectedConditions.java:44)
	at org.openqa.selenium.support.ui.ExpectedConditions$7.apply(ExpectedConditions.java:206)
	at org.openqa.selenium.support.ui.ExpectedConditions$7.apply(ExpectedConditions.java:202)
	at org.openqa.selenium.support.ui.FluentWait.until(FluentWait.java:260)
	... 17 more
</pre></div></td>
<td>29</td>
<td>com.yourcompany.SampleSauceTest@34ce8af7</td></tr>
<tr>
<td title='com.yourcompany.SampleSauceTest.problemLoginFlow()'><b>problemLoginFlow</b><br>Test class: com.yourcompany.SampleSauceTest<br>Parameters: browser, safari, latest, macOS 10.13, , public void com.yourcompany.SampleSauceTest.problemLoginFlow(java.lang.String,java.lang.String,java.lang.String,java.lang.String,java.lang.String,java.lang.reflect.Method) throws java.lang.Exception</td>
<td><div><pre>org.openqa.selenium.NoSuchElementException: 
For documentation on this error, please visit: http://seleniumhq.org/exceptions/no_such_element.html
Build info: version: &apos;3.14.0&apos;, revision: &apos;aacccce0&apos;, time: &apos;2018-08-02T20:13:22.693Z&apos;
System info: host: &apos;itako8394.prod.miso&apos;, ip: &apos;fe80:0:0:0:189b:48d1:2321:169f%en0&apos;, os.name: &apos;Mac OS X&apos;, os.arch: &apos;x86_64&apos;, os.version: &apos;10.13.6&apos;, java.version: &apos;9.0.4&apos;
Driver info: driver.version: unknown
Command duration or timeout: 0 milliseconds
	at org.openqa.selenium.remote.ErrorHandler.createThrowable(ErrorHandler.java:214)
	at org.openqa.selenium.remote.ErrorHandler.throwIfResponseFailed(ErrorHandler.java:166)
	at org.openqa.selenium.remote.http.JsonHttpResponseCodec.reconstructValue(JsonHttpResponseCodec.java:40)
	at org.openqa.selenium.remote.http.AbstractHttpResponseCodec.decode(AbstractHttpResponseCodec.java:80)
	at org.openqa.selenium.remote.http.AbstractHttpResponseCodec.decode(AbstractHttpResponseCodec.java:44)
	at org.openqa.selenium.remote.HttpCommandExecutor.execute(HttpCommandExecutor.java:158)
	at org.openqa.selenium.remote.RemoteWebDriver.execute(RemoteWebDriver.java:548)
	at org.openqa.selenium.remote.RemoteWebDriver.findElement(RemoteWebDriver.java:322)
	at org.openqa.selenium.remote.RemoteWebDriver.findElementById(RemoteWebDriver.java:368)
	at org.openqa.selenium.By$ById.findElement(By.java:188)
	at org.openqa.selenium.remote.RemoteWebDriver.findElement(RemoteWebDriver.java:314)
	at com.yourcompany.SampleSauceTest.problemLoginFlow(SampleSauceTest.java:189)
	at java.util.concurrent.FutureTask.run(FutureTask.java:266)
	at java.util.concurrent.Executors$RunnableAdapter.call(Executors.java:511)
	at java.util.concurrent.FutureTask.run(FutureTask.java:266)
	at java.util.concurrent.ThreadPoolExecutor.runWorker(ThreadPoolExecutor.java:1149)
	at java.util.concurrent.ThreadPoolExecutor$Worker.run(ThreadPoolExecutor.java:624)
	at java.lang.Thread.run(Thread.java:748)
Caused by: org.openqa.selenium.NoSuchElementException: 
For documentation on this error, please visit: http://seleniumhq.org/exceptions/no_such_element.html
Build info: version: &apos;3.14.0&apos;, revision: &apos;aacccce0&apos;, time: &apos;2018-08-02T20:13:22.693Z&apos;
System info: host: &apos;itako8394.prod.miso&apos;, ip: &apos;fe80:0:0:0:189b:48d1:2321:169f%en0&apos;, os.name: &apos;Mac OS X&apos;, os.arch: &apos;x86_64&apos;, os.version: &apos;10.13.6&apos;, java.version: &apos;9.0.4&apos;
Driver info: driver.version: unknown
For documentation on this error, please visit: http://seleniumhq.org/exceptions/no_such_element.html
Build info: version: &apos;3.14.0&apos;, revision: &apos;aacccce0&apos;, time: &apos;2018-08-02T20:19:58.91Z&apos;
System info: host: &apos;SL-1549.local&apos;, ip: &apos;127.0.0.1&apos;, os.name: &apos;Mac OS X&apos;, os.arch: &apos;x86_64&apos;, os.version: &apos;10.15.7&apos;, java.version: &apos;1.8.0_271&apos;
Driver info: driver.version: unknown
... Removed 13 stack frames</pre></div><a href='#' onClick='toggleBox("stack-trace843764152", this, "Click to show all stack frames", "Click to hide stack frames")'>Click to show all stack frames</a>
<div class='stack-trace' id='stack-trace843764152'><pre>org.openqa.selenium.NoSuchElementException: 
For documentation on this error, please visit: http://seleniumhq.org/exceptions/no_such_element.html
Build info: version: &apos;3.14.0&apos;, revision: &apos;aacccce0&apos;, time: &apos;2018-08-02T20:13:22.693Z&apos;
System info: host: &apos;itako8394.prod.miso&apos;, ip: &apos;fe80:0:0:0:189b:48d1:2321:169f%en0&apos;, os.name: &apos;Mac OS X&apos;, os.arch: &apos;x86_64&apos;, os.version: &apos;10.13.6&apos;, java.version: &apos;9.0.4&apos;
Driver info: driver.version: unknown
Command duration or timeout: 0 milliseconds
	at sun.reflect.NativeConstructorAccessorImpl.newInstance0(Native Method)
	at sun.reflect.NativeConstructorAccessorImpl.newInstance(NativeConstructorAccessorImpl.java:62)
	at sun.reflect.DelegatingConstructorAccessorImpl.newInstance(DelegatingConstructorAccessorImpl.java:45)
	at java.lang.reflect.Constructor.newInstance(Constructor.java:423)
	at org.openqa.selenium.remote.ErrorHandler.createThrowable(ErrorHandler.java:214)
	at org.openqa.selenium.remote.ErrorHandler.throwIfResponseFailed(ErrorHandler.java:166)
	at org.openqa.selenium.remote.http.JsonHttpResponseCodec.reconstructValue(JsonHttpResponseCodec.java:40)
	at org.openqa.selenium.remote.http.AbstractHttpResponseCodec.decode(AbstractHttpResponseCodec.java:80)
	at org.openqa.selenium.remote.http.AbstractHttpResponseCodec.decode(AbstractHttpResponseCodec.java:44)
	at org.openqa.selenium.remote.HttpCommandExecutor.execute(HttpCommandExecutor.java:158)
	at org.openqa.selenium.remote.RemoteWebDriver.execute(RemoteWebDriver.java:548)
	at org.openqa.selenium.remote.RemoteWebDriver.findElement(RemoteWebDriver.java:322)
	at org.openqa.selenium.remote.RemoteWebDriver.findElementById(RemoteWebDriver.java:368)
	at org.openqa.selenium.By$ById.findElement(By.java:188)
	at org.openqa.selenium.remote.RemoteWebDriver.findElement(RemoteWebDriver.java:314)
	at com.yourcompany.SampleSauceTest.problemLoginFlow(SampleSauceTest.java:189)
	at sun.reflect.NativeMethodAccessorImpl.invoke0(Native Method)
	at sun.reflect.NativeMethodAccessorImpl.invoke(NativeMethodAccessorImpl.java:62)
	at sun.reflect.DelegatingMethodAccessorImpl.invoke(DelegatingMethodAccessorImpl.java:43)
	at java.lang.reflect.Method.invoke(Method.java:498)
	at org.testng.internal.MethodInvocationHelper.invokeMethod(MethodInvocationHelper.java:104)
	at org.testng.internal.Invoker.invokeMethod(Invoker.java:645)
	at org.testng.internal.Invoker.invokeTestMethod(Invoker.java:851)
	at org.testng.internal.TestMethodWithDataProviderMethodWorker.call(TestMethodWithDataProviderMethodWorker.java:75)
	at org.testng.internal.TestMethodWithDataProviderMethodWorker.call(TestMethodWithDataProviderMethodWorker.java:14)
	at java.util.concurrent.FutureTask.run(FutureTask.java:266)
	at java.util.concurrent.Executors$RunnableAdapter.call(Executors.java:511)
	at java.util.concurrent.FutureTask.run(FutureTask.java:266)
	at java.util.concurrent.ThreadPoolExecutor.runWorker(ThreadPoolExecutor.java:1149)
	at java.util.concurrent.ThreadPoolExecutor$Worker.run(ThreadPoolExecutor.java:624)
	at java.lang.Thread.run(Thread.java:748)
Caused by: org.openqa.selenium.NoSuchElementException: 
For documentation on this error, please visit: http://seleniumhq.org/exceptions/no_such_element.html
Build info: version: &apos;3.14.0&apos;, revision: &apos;aacccce0&apos;, time: &apos;2018-08-02T20:13:22.693Z&apos;
System info: host: &apos;itako8394.prod.miso&apos;, ip: &apos;fe80:0:0:0:189b:48d1:2321:169f%en0&apos;, os.name: &apos;Mac OS X&apos;, os.arch: &apos;x86_64&apos;, os.version: &apos;10.13.6&apos;, java.version: &apos;9.0.4&apos;
Driver info: driver.version: unknown
For documentation on this error, please visit: http://seleniumhq.org/exceptions/no_such_element.html
Build info: version: &apos;3.14.0&apos;, revision: &apos;aacccce0&apos;, time: &apos;2018-08-02T20:19:58.91Z&apos;
System info: host: &apos;SL-1549.local&apos;, ip: &apos;127.0.0.1&apos;, os.name: &apos;Mac OS X&apos;, os.arch: &apos;x86_64&apos;, os.version: &apos;10.15.7&apos;, java.version: &apos;1.8.0_271&apos;
Driver info: driver.version: unknown
</pre></div></td>
<td>13</td>
<td>com.yourcompany.SampleSauceTest@34ce8af7</td></tr>
<tr>
<td title='com.yourcompany.SampleSauceTest.validLoginFlow()'><b>validLoginFlow</b><br>Test class: com.yourcompany.SampleSauceTest<br>Parameters: browser, safari, latest, macOS 10.13, , public void com.yourcompany.SampleSauceTest.validLoginFlow(java.lang.String,java.lang.String,java.lang.String,java.lang.String,java.lang.String,java.lang.reflect.Method) throws java.lang.Exception</td>
<td><div><pre>org.openqa.selenium.NoSuchElementException: 
For documentation on this error, please visit: http://seleniumhq.org/exceptions/no_such_element.html
Build info: version: &apos;3.14.0&apos;, revision: &apos;aacccce0&apos;, time: &apos;2018-08-02T20:13:22.693Z&apos;
System info: host: &apos;itako5707.prod.miso&apos;, ip: &apos;fe80:0:0:0:1494:18be:53de:6a25%en0&apos;, os.name: &apos;Mac OS X&apos;, os.arch: &apos;x86_64&apos;, os.version: &apos;10.13.6&apos;, java.version: &apos;9.0.4&apos;
Driver info: driver.version: unknown
Command duration or timeout: 0 milliseconds
	at org.openqa.selenium.remote.ErrorHandler.createThrowable(ErrorHandler.java:214)
	at org.openqa.selenium.remote.ErrorHandler.throwIfResponseFailed(ErrorHandler.java:166)
	at org.openqa.selenium.remote.http.JsonHttpResponseCodec.reconstructValue(JsonHttpResponseCodec.java:40)
	at org.openqa.selenium.remote.http.AbstractHttpResponseCodec.decode(AbstractHttpResponseCodec.java:80)
	at org.openqa.selenium.remote.http.AbstractHttpResponseCodec.decode(AbstractHttpResponseCodec.java:44)
	at org.openqa.selenium.remote.HttpCommandExecutor.execute(HttpCommandExecutor.java:158)
	at org.openqa.selenium.remote.RemoteWebDriver.execute(RemoteWebDriver.java:548)
	at org.openqa.selenium.remote.RemoteWebDriver.findElement(RemoteWebDriver.java:322)
	at org.openqa.selenium.remote.RemoteWebDriver.findElementById(RemoteWebDriver.java:368)
	at org.openqa.selenium.By$ById.findElement(By.java:188)
	at org.openqa.selenium.remote.RemoteWebDriver.findElement(RemoteWebDriver.java:314)
	at com.yourcompany.SampleSauceTest.validLoginFlow(SampleSauceTest.java:181)
	at java.util.concurrent.FutureTask.run(FutureTask.java:266)
	at java.util.concurrent.Executors$RunnableAdapter.call(Executors.java:511)
	at java.util.concurrent.FutureTask.run(FutureTask.java:266)
	at java.util.concurrent.ThreadPoolExecutor.runWorker(ThreadPoolExecutor.java:1149)
	at java.util.concurrent.ThreadPoolExecutor$Worker.run(ThreadPoolExecutor.java:624)
	at java.lang.Thread.run(Thread.java:748)
Caused by: org.openqa.selenium.NoSuchElementException: 
For documentation on this error, please visit: http://seleniumhq.org/exceptions/no_such_element.html
Build info: version: &apos;3.14.0&apos;, revision: &apos;aacccce0&apos;, time: &apos;2018-08-02T20:13:22.693Z&apos;
System info: host: &apos;itako5707.prod.miso&apos;, ip: &apos;fe80:0:0:0:1494:18be:53de:6a25%en0&apos;, os.name: &apos;Mac OS X&apos;, os.arch: &apos;x86_64&apos;, os.version: &apos;10.13.6&apos;, java.version: &apos;9.0.4&apos;
Driver info: driver.version: unknown
For documentation on this error, please visit: http://seleniumhq.org/exceptions/no_such_element.html
Build info: version: &apos;3.14.0&apos;, revision: &apos;aacccce0&apos;, time: &apos;2018-08-02T20:19:58.91Z&apos;
System info: host: &apos;SL-1549.local&apos;, ip: &apos;127.0.0.1&apos;, os.name: &apos;Mac OS X&apos;, os.arch: &apos;x86_64&apos;, os.version: &apos;10.15.7&apos;, java.version: &apos;1.8.0_271&apos;
Driver info: driver.version: unknown
... Removed 13 stack frames</pre></div><a href='#' onClick='toggleBox("stack-trace1528254971", this, "Click to show all stack frames", "Click to hide stack frames")'>Click to show all stack frames</a>
<div class='stack-trace' id='stack-trace1528254971'><pre>org.openqa.selenium.NoSuchElementException: 
For documentation on this error, please visit: http://seleniumhq.org/exceptions/no_such_element.html
Build info: version: &apos;3.14.0&apos;, revision: &apos;aacccce0&apos;, time: &apos;2018-08-02T20:13:22.693Z&apos;
System info: host: &apos;itako5707.prod.miso&apos;, ip: &apos;fe80:0:0:0:1494:18be:53de:6a25%en0&apos;, os.name: &apos;Mac OS X&apos;, os.arch: &apos;x86_64&apos;, os.version: &apos;10.13.6&apos;, java.version: &apos;9.0.4&apos;
Driver info: driver.version: unknown
Command duration or timeout: 0 milliseconds
	at sun.reflect.NativeConstructorAccessorImpl.newInstance0(Native Method)
	at sun.reflect.NativeConstructorAccessorImpl.newInstance(NativeConstructorAccessorImpl.java:62)
	at sun.reflect.DelegatingConstructorAccessorImpl.newInstance(DelegatingConstructorAccessorImpl.java:45)
	at java.lang.reflect.Constructor.newInstance(Constructor.java:423)
	at org.openqa.selenium.remote.ErrorHandler.createThrowable(ErrorHandler.java:214)
	at org.openqa.selenium.remote.ErrorHandler.throwIfResponseFailed(ErrorHandler.java:166)
	at org.openqa.selenium.remote.http.JsonHttpResponseCodec.reconstructValue(JsonHttpResponseCodec.java:40)
	at org.openqa.selenium.remote.http.AbstractHttpResponseCodec.decode(AbstractHttpResponseCodec.java:80)
	at org.openqa.selenium.remote.http.AbstractHttpResponseCodec.decode(AbstractHttpResponseCodec.java:44)
	at org.openqa.selenium.remote.HttpCommandExecutor.execute(HttpCommandExecutor.java:158)
	at org.openqa.selenium.remote.RemoteWebDriver.execute(RemoteWebDriver.java:548)
	at org.openqa.selenium.remote.RemoteWebDriver.findElement(RemoteWebDriver.java:322)
	at org.openqa.selenium.remote.RemoteWebDriver.findElementById(RemoteWebDriver.java:368)
	at org.openqa.selenium.By$ById.findElement(By.java:188)
	at org.openqa.selenium.remote.RemoteWebDriver.findElement(RemoteWebDriver.java:314)
	at com.yourcompany.SampleSauceTest.validLoginFlow(SampleSauceTest.java:181)
	at sun.reflect.NativeMethodAccessorImpl.invoke0(Native Method)
	at sun.reflect.NativeMethodAccessorImpl.invoke(NativeMethodAccessorImpl.java:62)
	at sun.reflect.DelegatingMethodAccessorImpl.invoke(DelegatingMethodAccessorImpl.java:43)
	at java.lang.reflect.Method.invoke(Method.java:498)
	at org.testng.internal.MethodInvocationHelper.invokeMethod(MethodInvocationHelper.java:104)
	at org.testng.internal.Invoker.invokeMethod(Invoker.java:645)
	at org.testng.internal.Invoker.invokeTestMethod(Invoker.java:851)
	at org.testng.internal.TestMethodWithDataProviderMethodWorker.call(TestMethodWithDataProviderMethodWorker.java:75)
	at org.testng.internal.TestMethodWithDataProviderMethodWorker.call(TestMethodWithDataProviderMethodWorker.java:14)
	at java.util.concurrent.FutureTask.run(FutureTask.java:266)
	at java.util.concurrent.Executors$RunnableAdapter.call(Executors.java:511)
	at java.util.concurrent.FutureTask.run(FutureTask.java:266)
	at java.util.concurrent.ThreadPoolExecutor.runWorker(ThreadPoolExecutor.java:1149)
	at java.util.concurrent.ThreadPoolExecutor$Worker.run(ThreadPoolExecutor.java:624)
	at java.lang.Thread.run(Thread.java:748)
Caused by: org.openqa.selenium.NoSuchElementException: 
For documentation on this error, please visit: http://seleniumhq.org/exceptions/no_such_element.html
Build info: version: &apos;3.14.0&apos;, revision: &apos;aacccce0&apos;, time: &apos;2018-08-02T20:13:22.693Z&apos;
System info: host: &apos;itako5707.prod.miso&apos;, ip: &apos;fe80:0:0:0:1494:18be:53de:6a25%en0&apos;, os.name: &apos;Mac OS X&apos;, os.arch: &apos;x86_64&apos;, os.version: &apos;10.13.6&apos;, java.version: &apos;9.0.4&apos;
Driver info: driver.version: unknown
For documentation on this error, please visit: http://seleniumhq.org/exceptions/no_such_element.html
Build info: version: &apos;3.14.0&apos;, revision: &apos;aacccce0&apos;, time: &apos;2018-08-02T20:19:58.91Z&apos;
System info: host: &apos;SL-1549.local&apos;, ip: &apos;127.0.0.1&apos;, os.name: &apos;Mac OS X&apos;, os.arch: &apos;x86_64&apos;, os.version: &apos;10.15.7&apos;, java.version: &apos;1.8.0_271&apos;
Driver info: driver.version: unknown
</pre></div></td>
<td>16</td>
<td>com.yourcompany.SampleSauceTest@34ce8af7</td></tr>
</table><p>
<table width='100%' border='1' class='invocation-passed'>
<tr><td colspan='4' align='center'><b>PASSED TESTS</b></td></tr>
<tr><td><b>Test method</b></td>
<td width="30%"><b>Exception</b></td>
<td width="10%"><b>Time (seconds)</b></td>
<td><b>Instance</b></td>
</tr>
<tr>
<td title='com.yourcompany.SampleSauceTest.demoPageTitle()'><b>demoPageTitle</b><br>Test class: com.yourcompany.SampleSauceTest<br>Parameters: browser, internet explorer, 11, Windows 8.1, , public void com.yourcompany.SampleSauceTest.demoPageTitle(java.lang.String,java.lang.String,java.lang.String,java.lang.String,java.lang.String,java.lang.reflect.Method) throws java.lang.Exception</td>
<td></td>
<td>8</td>
<td>com.yourcompany.SampleSauceTest@34ce8af7</td></tr>
<tr>
<td title='com.yourcompany.SampleSauceTest.demoPageTitle()'><b>demoPageTitle</b><br>Test class: com.yourcompany.SampleSauceTest<br>Parameters: browser, MicrosoftEdge, latest, Windows 10, , public void com.yourcompany.SampleSauceTest.demoPageTitle(java.lang.String,java.lang.String,java.lang.String,java.lang.String,java.lang.String,java.lang.reflect.Method) throws java.lang.Exception</td>
<td></td>
<td>10</td>
<td>com.yourcompany.SampleSauceTest@34ce8af7</td></tr>
<tr>
<td title='com.yourcompany.SampleSauceTest.demoPageTitle()'><b>demoPageTitle</b><br>Test class: com.yourcompany.SampleSauceTest<br>Parameters: browser, safari, latest, macOS 10.13, , public void com.yourcompany.SampleSauceTest.demoPageTitle(java.lang.String,java.lang.String,java.lang.String,java.lang.String,java.lang.String,java.lang.reflect.Method) throws java.lang.Exception</td>
<td></td>
<td>11</td>
<td>com.yourcompany.SampleSauceTest@34ce8af7</td></tr>
<tr>
<td title='com.yourcompany.SampleSauceTest.demoPageTitle()'><b>demoPageTitle</b><br>Test class: com.yourcompany.SampleSauceTest<br>Parameters: browser, safari, 11.0, macOS 10.12, , public void com.yourcompany.SampleSauceTest.demoPageTitle(java.lang.String,java.lang.String,java.lang.String,java.lang.String,java.lang.String,java.lang.reflect.Method) throws java.lang.Exception</td>
<td></td>
<td>12</td>
<td>com.yourcompany.SampleSauceTest@34ce8af7</td></tr>
<tr>
<td title='com.yourcompany.SampleSauceTest.demoPageTitle()'><b>demoPageTitle</b><br>Test class: com.yourcompany.SampleSauceTest<br>Parameters: browser, firefox, 55.0, Windows 7, , public void com.yourcompany.SampleSauceTest.demoPageTitle(java.lang.String,java.lang.String,java.lang.String,java.lang.String,java.lang.String,java.lang.reflect.Method) throws java.lang.Exception</td>
<td></td>
<td>15</td>
<td>com.yourcompany.SampleSauceTest@34ce8af7</td></tr>
<tr>
<td title='com.yourcompany.SampleSauceTest.demoPageTitle()'><b>demoPageTitle</b><br>Test class: com.yourcompany.SampleSauceTest<br>Parameters: browser, firefox, latest-2, Windows 10, , public void com.yourcompany.SampleSauceTest.demoPageTitle(java.lang.String,java.lang.String,java.lang.String,java.lang.String,java.lang.String,java.lang.reflect.Method) throws java.lang.Exception</td>
<td></td>
<td>17</td>
<td>com.yourcompany.SampleSauceTest@34ce8af7</td></tr>
<tr>
<td title='com.yourcompany.SampleSauceTest.demoPageTitle()'><b>demoPageTitle</b><br>Test class: com.yourcompany.SampleSauceTest<br>Parameters: browser, firefox, latest, macOS 10.14, , public void com.yourcompany.SampleSauceTest.demoPageTitle(java.lang.String,java.lang.String,java.lang.String,java.lang.String,java.lang.String,java.lang.reflect.Method) throws java.lang.Exception</td>
<td></td>
<td>17</td>
<td>com.yourcompany.SampleSauceTest@34ce8af7</td></tr>
<tr>
<td title='com.yourcompany.SampleSauceTest.demoPageTitle()'><b>demoPageTitle</b><br>Test class: com.yourcompany.SampleSauceTest<br>Parameters: device, , , Android, Samsung.*, public void com.yourcompany.SampleSauceTest.demoPageTitle(java.lang.String,java.lang.String,java.lang.String,java.lang.String,java.lang.String,java.lang.reflect.Method) throws java.lang.Exception</td>
<td></td>
<td>22</td>
<td>com.yourcompany.SampleSauceTest@34ce8af7</td></tr>
<tr>
<td title='com.yourcompany.SampleSauceTest.demoPageTitle()'><b>demoPageTitle</b><br>Test class: com.yourcompany.SampleSauceTest<br>Parameters: browser, chrome, 76.0, OS X 10.11, , public void com.yourcompany.SampleSauceTest.demoPageTitle(java.lang.String,java.lang.String,java.lang.String,java.lang.String,java.lang.String,java.lang.reflect.Method) throws java.lang.Exception</td>
<td></td>
<td>28</td>
<td>com.yourcompany.SampleSauceTest@34ce8af7</td></tr>
<tr>
<td title='com.yourcompany.SampleSauceTest.demoPageTitle()'><b>demoPageTitle</b><br>Test class: com.yourcompany.SampleSauceTest<br>Parameters: browser, chrome, latest, Windows 10, , public void com.yourcompany.SampleSauceTest.demoPageTitle(java.lang.String,java.lang.String,java.lang.String,java.lang.String,java.lang.String,java.lang.reflect.Method) throws java.lang.Exception</td>
<td></td>
<td>32</td>
<td>com.yourcompany.SampleSauceTest@34ce8af7</td></tr>
<tr>
<td title='com.yourcompany.SampleSauceTest.invalidLoginFlow()'><b>invalidLoginFlow</b><br>Test class: com.yourcompany.SampleSauceTest<br>Parameters: browser, MicrosoftEdge, latest, Windows 10, , public void com.yourcompany.SampleSauceTest.invalidLoginFlow(java.lang.String,java.lang.String,java.lang.String,java.lang.String,java.lang.String,java.lang.reflect.Method) throws java.lang.Exception</td>
<td></td>
<td>12</td>
<td>com.yourcompany.SampleSauceTest@34ce8af7</td></tr>
<tr>
<td title='com.yourcompany.SampleSauceTest.invalidLoginFlow()'><b>invalidLoginFlow</b><br>Test class: com.yourcompany.SampleSauceTest<br>Parameters: browser, internet explorer, 11, Windows 8.1, , public void com.yourcompany.SampleSauceTest.invalidLoginFlow(java.lang.String,java.lang.String,java.lang.String,java.lang.String,java.lang.String,java.lang.reflect.Method) throws java.lang.Exception</td>
<td></td>
<td>12</td>
<td>com.yourcompany.SampleSauceTest@34ce8af7</td></tr>
<tr>
<td title='com.yourcompany.SampleSauceTest.invalidLoginFlow()'><b>invalidLoginFlow</b><br>Test class: com.yourcompany.SampleSauceTest<br>Parameters: browser, safari, 11.0, macOS 10.12, , public void com.yourcompany.SampleSauceTest.invalidLoginFlow(java.lang.String,java.lang.String,java.lang.String,java.lang.String,java.lang.String,java.lang.reflect.Method) throws java.lang.Exception</td>
<td></td>
<td>14</td>
<td>com.yourcompany.SampleSauceTest@34ce8af7</td></tr>
<tr>
<td title='com.yourcompany.SampleSauceTest.invalidLoginFlow()'><b>invalidLoginFlow</b><br>Test class: com.yourcompany.SampleSauceTest<br>Parameters: browser, firefox, 55.0, Windows 7, , public void com.yourcompany.SampleSauceTest.invalidLoginFlow(java.lang.String,java.lang.String,java.lang.String,java.lang.String,java.lang.String,java.lang.reflect.Method) throws java.lang.Exception</td>
<td></td>
<td>14</td>
<td>com.yourcompany.SampleSauceTest@34ce8af7</td></tr>
<tr>
<td title='com.yourcompany.SampleSauceTest.invalidLoginFlow()'><b>invalidLoginFlow</b><br>Test class: com.yourcompany.SampleSauceTest<br>Parameters: browser, firefox, latest, macOS 10.14, , public void com.yourcompany.SampleSauceTest.invalidLoginFlow(java.lang.String,java.lang.String,java.lang.String,java.lang.String,java.lang.String,java.lang.reflect.Method) throws java.lang.Exception</td>
<td></td>
<td>18</td>
<td>com.yourcompany.SampleSauceTest@34ce8af7</td></tr>
<tr>
<td title='com.yourcompany.SampleSauceTest.invalidLoginFlow()'><b>invalidLoginFlow</b><br>Test class: com.yourcompany.SampleSauceTest<br>Parameters: browser, firefox, latest-2, Windows 10, , public void com.yourcompany.SampleSauceTest.invalidLoginFlow(java.lang.String,java.lang.String,java.lang.String,java.lang.String,java.lang.String,java.lang.reflect.Method) throws java.lang.Exception</td>
<td></td>
<td>18</td>
<td>com.yourcompany.SampleSauceTest@34ce8af7</td></tr>
<tr>
<td title='com.yourcompany.SampleSauceTest.invalidLoginFlow()'><b>invalidLoginFlow</b><br>Test class: com.yourcompany.SampleSauceTest<br>Parameters: device, , , Android, Samsung.*, public void com.yourcompany.SampleSauceTest.invalidLoginFlow(java.lang.String,java.lang.String,java.lang.String,java.lang.String,java.lang.String,java.lang.reflect.Method) throws java.lang.Exception</td>
<td></td>
<td>25</td>
<td>com.yourcompany.SampleSauceTest@34ce8af7</td></tr>
<tr>
<td title='com.yourcompany.SampleSauceTest.invalidLoginFlow()'><b>invalidLoginFlow</b><br>Test class: com.yourcompany.SampleSauceTest<br>Parameters: browser, chrome, latest, Windows 10, , public void com.yourcompany.SampleSauceTest.invalidLoginFlow(java.lang.String,java.lang.String,java.lang.String,java.lang.String,java.lang.String,java.lang.reflect.Method) throws java.lang.Exception</td>
<td></td>
<td>36</td>
<td>com.yourcompany.SampleSauceTest@34ce8af7</td></tr>
<tr>
<td title='com.yourcompany.SampleSauceTest.invalidLoginFlow()'><b>invalidLoginFlow</b><br>Test class: com.yourcompany.SampleSauceTest<br>Parameters: browser, chrome, 76.0, OS X 10.11, , public void com.yourcompany.SampleSauceTest.invalidLoginFlow(java.lang.String,java.lang.String,java.lang.String,java.lang.String,java.lang.String,java.lang.reflect.Method) throws java.lang.Exception</td>
<td></td>
<td>38</td>
<td>com.yourcompany.SampleSauceTest@34ce8af7</td></tr>
<tr>
<td title='com.yourcompany.SampleSauceTest.lockedOutLoginFlow()'><b>lockedOutLoginFlow</b><br>Test class: com.yourcompany.SampleSauceTest<br>Parameters: browser, MicrosoftEdge, latest, Windows 10, , public void com.yourcompany.SampleSauceTest.lockedOutLoginFlow(java.lang.String,java.lang.String,java.lang.String,java.lang.String,java.lang.String,java.lang.reflect.Method) throws java.lang.Exception</td>
<td></td>
<td>11</td>
<td>com.yourcompany.SampleSauceTest@34ce8af7</td></tr>
<tr>
<td title='com.yourcompany.SampleSauceTest.lockedOutLoginFlow()'><b>lockedOutLoginFlow</b><br>Test class: com.yourcompany.SampleSauceTest<br>Parameters: browser, internet explorer, 11, Windows 8.1, , public void com.yourcompany.SampleSauceTest.lockedOutLoginFlow(java.lang.String,java.lang.String,java.lang.String,java.lang.String,java.lang.String,java.lang.reflect.Method) throws java.lang.Exception</td>
<td></td>
<td>13</td>
<td>com.yourcompany.SampleSauceTest@34ce8af7</td></tr>
<tr>
<td title='com.yourcompany.SampleSauceTest.lockedOutLoginFlow()'><b>lockedOutLoginFlow</b><br>Test class: com.yourcompany.SampleSauceTest<br>Parameters: browser, safari, 11.0, macOS 10.12, , public void com.yourcompany.SampleSauceTest.lockedOutLoginFlow(java.lang.String,java.lang.String,java.lang.String,java.lang.String,java.lang.String,java.lang.reflect.Method) throws java.lang.Exception</td>
<td></td>
<td>14</td>
<td>com.yourcompany.SampleSauceTest@34ce8af7</td></tr>
<tr>
<td title='com.yourcompany.SampleSauceTest.lockedOutLoginFlow()'><b>lockedOutLoginFlow</b><br>Test class: com.yourcompany.SampleSauceTest<br>Parameters: browser, firefox, latest-2, Windows 10, , public void com.yourcompany.SampleSauceTest.lockedOutLoginFlow(java.lang.String,java.lang.String,java.lang.String,java.lang.String,java.lang.String,java.lang.reflect.Method) throws java.lang.Exception</td>
<td></td>
<td>20</td>
<td>com.yourcompany.SampleSauceTest@34ce8af7</td></tr>
<tr>
<td title='com.yourcompany.SampleSauceTest.lockedOutLoginFlow()'><b>lockedOutLoginFlow</b><br>Test class: com.yourcompany.SampleSauceTest<br>Parameters: browser, firefox, latest, macOS 10.14, , public void com.yourcompany.SampleSauceTest.lockedOutLoginFlow(java.lang.String,java.lang.String,java.lang.String,java.lang.String,java.lang.String,java.lang.reflect.Method) throws java.lang.Exception</td>
<td></td>
<td>22</td>
<td>com.yourcompany.SampleSauceTest@34ce8af7</td></tr>
<tr>
<td title='com.yourcompany.SampleSauceTest.lockedOutLoginFlow()'><b>lockedOutLoginFlow</b><br>Test class: com.yourcompany.SampleSauceTest<br>Parameters: browser, firefox, 55.0, Windows 7, , public void com.yourcompany.SampleSauceTest.lockedOutLoginFlow(java.lang.String,java.lang.String,java.lang.String,java.lang.String,java.lang.String,java.lang.reflect.Method) throws java.lang.Exception</td>
<td></td>
<td>23</td>
<td>com.yourcompany.SampleSauceTest@34ce8af7</td></tr>
<tr>
<td title='com.yourcompany.SampleSauceTest.lockedOutLoginFlow()'><b>lockedOutLoginFlow</b><br>Test class: com.yourcompany.SampleSauceTest<br>Parameters: device, , , Android, Samsung.*, public void com.yourcompany.SampleSauceTest.lockedOutLoginFlow(java.lang.String,java.lang.String,java.lang.String,java.lang.String,java.lang.String,java.lang.reflect.Method) throws java.lang.Exception</td>
<td></td>
<td>31</td>
<td>com.yourcompany.SampleSauceTest@34ce8af7</td></tr>
<tr>
<td title='com.yourcompany.SampleSauceTest.lockedOutLoginFlow()'><b>lockedOutLoginFlow</b><br>Test class: com.yourcompany.SampleSauceTest<br>Parameters: browser, chrome, latest, Windows 10, , public void com.yourcompany.SampleSauceTest.lockedOutLoginFlow(java.lang.String,java.lang.String,java.lang.String,java.lang.String,java.lang.String,java.lang.reflect.Method) throws java.lang.Exception</td>
<td></td>
<td>33</td>
<td>com.yourcompany.SampleSauceTest@34ce8af7</td></tr>
<tr>
<td title='com.yourcompany.SampleSauceTest.lockedOutLoginFlow()'><b>lockedOutLoginFlow</b><br>Test class: com.yourcompany.SampleSauceTest<br>Parameters: browser, chrome, 76.0, OS X 10.11, , public void com.yourcompany.SampleSauceTest.lockedOutLoginFlow(java.lang.String,java.lang.String,java.lang.String,java.lang.String,java.lang.String,java.lang.reflect.Method) throws java.lang.Exception</td>
<td></td>
<td>34</td>
<td>com.yourcompany.SampleSauceTest@34ce8af7</td></tr>
<tr>
<td title='com.yourcompany.SampleSauceTest.problemLoginFlow()'><b>problemLoginFlow</b><br>Test class: com.yourcompany.SampleSauceTest<br>Parameters: browser, internet explorer, 11, Windows 8.1, , public void com.yourcompany.SampleSauceTest.problemLoginFlow(java.lang.String,java.lang.String,java.lang.String,java.lang.String,java.lang.String,java.lang.reflect.Method) throws java.lang.Exception</td>
<td></td>
<td>10</td>
<td>com.yourcompany.SampleSauceTest@34ce8af7</td></tr>
<tr>
<td title='com.yourcompany.SampleSauceTest.problemLoginFlow()'><b>problemLoginFlow</b><br>Test class: com.yourcompany.SampleSauceTest<br>Parameters: browser, MicrosoftEdge, latest, Windows 10, , public void com.yourcompany.SampleSauceTest.problemLoginFlow(java.lang.String,java.lang.String,java.lang.String,java.lang.String,java.lang.String,java.lang.reflect.Method) throws java.lang.Exception</td>
<td></td>
<td>12</td>
<td>com.yourcompany.SampleSauceTest@34ce8af7</td></tr>
<tr>
<td title='com.yourcompany.SampleSauceTest.problemLoginFlow()'><b>problemLoginFlow</b><br>Test class: com.yourcompany.SampleSauceTest<br>Parameters: browser, safari, 11.0, macOS 10.12, , public void com.yourcompany.SampleSauceTest.problemLoginFlow(java.lang.String,java.lang.String,java.lang.String,java.lang.String,java.lang.String,java.lang.reflect.Method) throws java.lang.Exception</td>
<td></td>
<td>12</td>
<td>com.yourcompany.SampleSauceTest@34ce8af7</td></tr>
<tr>
<td title='com.yourcompany.SampleSauceTest.problemLoginFlow()'><b>problemLoginFlow</b><br>Test class: com.yourcompany.SampleSauceTest<br>Parameters: browser, firefox, 55.0, Windows 7, , public void com.yourcompany.SampleSauceTest.problemLoginFlow(java.lang.String,java.lang.String,java.lang.String,java.lang.String,java.lang.String,java.lang.reflect.Method) throws java.lang.Exception</td>
<td></td>
<td>14</td>
<td>com.yourcompany.SampleSauceTest@34ce8af7</td></tr>
<tr>
<td title='com.yourcompany.SampleSauceTest.problemLoginFlow()'><b>problemLoginFlow</b><br>Test class: com.yourcompany.SampleSauceTest<br>Parameters: browser, firefox, latest, macOS 10.14, , public void com.yourcompany.SampleSauceTest.problemLoginFlow(java.lang.String,java.lang.String,java.lang.String,java.lang.String,java.lang.String,java.lang.reflect.Method) throws java.lang.Exception</td>
<td></td>
<td>20</td>
<td>com.yourcompany.SampleSauceTest@34ce8af7</td></tr>
<tr>
<td title='com.yourcompany.SampleSauceTest.problemLoginFlow()'><b>problemLoginFlow</b><br>Test class: com.yourcompany.SampleSauceTest<br>Parameters: browser, firefox, latest-2, Windows 10, , public void com.yourcompany.SampleSauceTest.problemLoginFlow(java.lang.String,java.lang.String,java.lang.String,java.lang.String,java.lang.String,java.lang.reflect.Method) throws java.lang.Exception</td>
<td></td>
<td>21</td>
<td>com.yourcompany.SampleSauceTest@34ce8af7</td></tr>
<tr>
<td title='com.yourcompany.SampleSauceTest.problemLoginFlow()'><b>problemLoginFlow</b><br>Test class: com.yourcompany.SampleSauceTest<br>Parameters: device, , , Android, Samsung.*, public void com.yourcompany.SampleSauceTest.problemLoginFlow(java.lang.String,java.lang.String,java.lang.String,java.lang.String,java.lang.String,java.lang.reflect.Method) throws java.lang.Exception</td>
<td></td>
<td>25</td>
<td>com.yourcompany.SampleSauceTest@34ce8af7</td></tr>
<tr>
<td title='com.yourcompany.SampleSauceTest.problemLoginFlow()'><b>problemLoginFlow</b><br>Test class: com.yourcompany.SampleSauceTest<br>Parameters: browser, chrome, latest, Windows 10, , public void com.yourcompany.SampleSauceTest.problemLoginFlow(java.lang.String,java.lang.String,java.lang.String,java.lang.String,java.lang.String,java.lang.reflect.Method) throws java.lang.Exception</td>
<td></td>
<td>46</td>
<td>com.yourcompany.SampleSauceTest@34ce8af7</td></tr>
<tr>
<td title='com.yourcompany.SampleSauceTest.problemLoginFlow()'><b>problemLoginFlow</b><br>Test class: com.yourcompany.SampleSauceTest<br>Parameters: browser, chrome, 76.0, OS X 10.11, , public void com.yourcompany.SampleSauceTest.problemLoginFlow(java.lang.String,java.lang.String,java.lang.String,java.lang.String,java.lang.String,java.lang.reflect.Method) throws java.lang.Exception</td>
<td></td>
<td>48</td>
<td>com.yourcompany.SampleSauceTest@34ce8af7</td></tr>
<tr>
<td title='com.yourcompany.SampleSauceTest.validLoginFlow()'><b>validLoginFlow</b><br>Test class: com.yourcompany.SampleSauceTest<br>Parameters: browser, MicrosoftEdge, latest, Windows 10, , public void com.yourcompany.SampleSauceTest.validLoginFlow(java.lang.String,java.lang.String,java.lang.String,java.lang.String,java.lang.String,java.lang.reflect.Method) throws java.lang.Exception</td>
<td></td>
<td>11</td>
<td>com.yourcompany.SampleSauceTest@34ce8af7</td></tr>
<tr>
<td title='com.yourcompany.SampleSauceTest.validLoginFlow()'><b>validLoginFlow</b><br>Test class: com.yourcompany.SampleSauceTest<br>Parameters: browser, internet explorer, 11, Windows 8.1, , public void com.yourcompany.SampleSauceTest.validLoginFlow(java.lang.String,java.lang.String,java.lang.String,java.lang.String,java.lang.String,java.lang.reflect.Method) throws java.lang.Exception</td>
<td></td>
<td>11</td>
<td>com.yourcompany.SampleSauceTest@34ce8af7</td></tr>
<tr>
<td title='com.yourcompany.SampleSauceTest.validLoginFlow()'><b>validLoginFlow</b><br>Test class: com.yourcompany.SampleSauceTest<br>Parameters: browser, safari, 11.0, macOS 10.12, , public void com.yourcompany.SampleSauceTest.validLoginFlow(java.lang.String,java.lang.String,java.lang.String,java.lang.String,java.lang.String,java.lang.reflect.Method) throws java.lang.Exception</td>
<td></td>
<td>12</td>
<td>com.yourcompany.SampleSauceTest@34ce8af7</td></tr>
<tr>
<td title='com.yourcompany.SampleSauceTest.validLoginFlow()'><b>validLoginFlow</b><br>Test class: com.yourcompany.SampleSauceTest<br>Parameters: browser, firefox, 55.0, Windows 7, , public void com.yourcompany.SampleSauceTest.validLoginFlow(java.lang.String,java.lang.String,java.lang.String,java.lang.String,java.lang.String,java.lang.reflect.Method) throws java.lang.Exception</td>
<td></td>
<td>14</td>
<td>com.yourcompany.SampleSauceTest@34ce8af7</td></tr>
<tr>
<td title='com.yourcompany.SampleSauceTest.validLoginFlow()'><b>validLoginFlow</b><br>Test class: com.yourcompany.SampleSauceTest<br>Parameters: browser, firefox, latest-2, Windows 10, , public void com.yourcompany.SampleSauceTest.validLoginFlow(java.lang.String,java.lang.String,java.lang.String,java.lang.String,java.lang.String,java.lang.reflect.Method) throws java.lang.Exception</td>
<td></td>
<td>19</td>
<td>com.yourcompany.SampleSauceTest@34ce8af7</td></tr>
<tr>
<td title='com.yourcompany.SampleSauceTest.validLoginFlow()'><b>validLoginFlow</b><br>Test class: com.yourcompany.SampleSauceTest<br>Parameters: browser, firefox, latest, macOS 10.14, , public void com.yourcompany.SampleSauceTest.validLoginFlow(java.lang.String,java.lang.String,java.lang.String,java.lang.String,java.lang.String,java.lang.reflect.Method) throws java.lang.Exception</td>
<td></td>
<td>19</td>
<td>com.yourcompany.SampleSauceTest@34ce8af7</td></tr>
<tr>
<td title='com.yourcompany.SampleSauceTest.validLoginFlow()'><b>validLoginFlow</b><br>Test class: com.yourcompany.SampleSauceTest<br>Parameters: device, , , Android, Samsung.*, public void com.yourcompany.SampleSauceTest.validLoginFlow(java.lang.String,java.lang.String,java.lang.String,java.lang.String,java.lang.String,java.lang.reflect.Method) throws java.lang.Exception</td>
<td></td>
<td>37</td>
<td>com.yourcompany.SampleSauceTest@34ce8af7</td></tr>
<tr>
<td title='com.yourcompany.SampleSauceTest.validLoginFlow()'><b>validLoginFlow</b><br>Test class: com.yourcompany.SampleSauceTest<br>Parameters: browser, chrome, latest, Windows 10, , public void com.yourcompany.SampleSauceTest.validLoginFlow(java.lang.String,java.lang.String,java.lang.String,java.lang.String,java.lang.String,java.lang.reflect.Method) throws java.lang.Exception</td>
<td></td>
<td>49</td>
<td>com.yourcompany.SampleSauceTest@34ce8af7</td></tr>
<tr>
<td title='com.yourcompany.SampleSauceTest.validLoginFlow()'><b>validLoginFlow</b><br>Test class: com.yourcompany.SampleSauceTest<br>Parameters: browser, chrome, 76.0, OS X 10.11, , public void com.yourcompany.SampleSauceTest.validLoginFlow(java.lang.String,java.lang.String,java.lang.String,java.lang.String,java.lang.String,java.lang.reflect.Method) throws java.lang.Exception</td>
<td></td>
<td>50</td>
<td>com.yourcompany.SampleSauceTest@34ce8af7</td></tr>
</table><p>
</body>
</html>